FASTQC :: [Thu Oct 28 13:54:34 2021] Checking Examples/basic_examples/circRNAs/results/ for FastQC analysis
FASTQC :: [Thu Oct 28 13:54:34 2021] Executing mkdir -p Examples/basic_examples/circRNAs/results//Pre_fastqc_results/ ; fastqc -f fastq -t 4 Examples/basic_examples/circRNAs/reads//SRR16352157_1.fastq.gz Examples/basic_examples/circRNAs/reads//SRR16352157_2.fastq.gz -o Examples/basic_examples/circRNAs/results//Pre_fastqc_results/ >> Examples/basic_examples/circRNAs/results//miARma_logfile.642.log 2>&1
Started analysis of SRR16352157_1.fastq.gz
Started analysis of SRR16352157_2.fastq.gz
Approx 5% complete for SRR16352157_1.fastq.gz
Approx 5% complete for SRR16352157_2.fastq.gz
Approx 10% complete for SRR16352157_1.fastq.gz
Approx 10% complete for SRR16352157_2.fastq.gz
Approx 15% complete for SRR16352157_1.fastq.gz
Approx 15% complete for SRR16352157_2.fastq.gz
Approx 20% complete for SRR16352157_1.fastq.gz
Approx 20% complete for SRR16352157_2.fastq.gz
Approx 25% complete for SRR16352157_1.fastq.gz
Approx 25% complete for SRR16352157_2.fastq.gz
Approx 30% complete for SRR16352157_1.fastq.gz
Approx 30% complete for SRR16352157_2.fastq.gz
Approx 35% complete for SRR16352157_1.fastq.gz
Approx 35% complete for SRR16352157_2.fastq.gz
Approx 40% complete for SRR16352157_1.fastq.gz
Approx 40% complete for SRR16352157_2.fastq.gz
Approx 45% complete for SRR16352157_1.fastq.gz
Approx 45% complete for SRR16352157_2.fastq.gz
Approx 50% complete for SRR16352157_1.fastq.gz
Approx 50% complete for SRR16352157_2.fastq.gz
Too many tiles (>500) so giving up trying to do per-tile qualities since we're probably parsing the file wrongly
Too many tiles (>500) so giving up trying to do per-tile qualities since we're probably parsing the file wrongly
Approx 55% complete for SRR16352157_1.fastq.gz
Approx 55% complete for SRR16352157_2.fastq.gz
Approx 60% complete for SRR16352157_1.fastq.gz
Approx 60% complete for SRR16352157_2.fastq.gz
Approx 65% complete for SRR16352157_1.fastq.gz
Approx 65% complete for SRR16352157_2.fastq.gz
Approx 70% complete for SRR16352157_1.fastq.gz
Approx 70% complete for SRR16352157_2.fastq.gz
Approx 75% complete for SRR16352157_1.fastq.gz
Approx 75% complete for SRR16352157_2.fastq.gz
Approx 80% complete for SRR16352157_1.fastq.gz
Approx 80% complete for SRR16352157_2.fastq.gz
Approx 85% complete for SRR16352157_1.fastq.gz
Approx 85% complete for SRR16352157_2.fastq.gz
Approx 90% complete for SRR16352157_1.fastq.gz
Approx 90% complete for SRR16352157_2.fastq.gz
Approx 95% complete for SRR16352157_1.fastq.gz
Approx 95% complete for SRR16352157_2.fastq.gz
Analysis complete for SRR16352157_1.fastq.gz
Analysis complete for SRR16352157_2.fastq.gz
